[debug] [2025-05-11T09:28:37.800Z] ----------------------------------------------------------------------
[debug] [2025-05-11T09:28:37.802Z] Command:       /opt/homebrew/Cellar/node/23.11.0/bin/node /opt/homebrew/bin/firebase init
[debug] [2025-05-11T09:28:37.803Z] CLI Version:   14.3.1
[debug] [2025-05-11T09:28:37.803Z] Platform:      darwin
[debug] [2025-05-11T09:28:37.803Z] Node Version:  v23.11.0
[debug] [2025-05-11T09:28:37.803Z] Time:          Sun May 11 2025 12:28:37 GMT+0300 (East Africa Time)
[debug] [2025-05-11T09:28:37.803Z] ----------------------------------------------------------------------
[debug] 
[debug] [2025-05-11T09:28:37.916Z] > command requires scopes: ["email","openid","https://www.googleapis.com/auth/cloudplatformprojects.readonly","https://www.googleapis.com/auth/firebase","https://www.googleapis.com/auth/cloud-platform"]
[debug] [2025-05-11T09:28:37.916Z] > authorizing via signed-in user (wmmaina7@gmail.com)
[info] 
     ######## #### ########  ######## ########     ###     ######  ########
     ##        ##  ##     ## ##       ##     ##  ##   ##  ##       ##
     ######    ##  ########  ######   ########  #########  ######  ######
     ##        ##  ##    ##  ##       ##     ## ##     ##       ## ##
     ##       #### ##     ## ######## ########  ##     ##  ######  ########

You're about to initialize a Firebase project in this directory:

  /Users/mainawycliffe/projects/angular-genkit-demo

Before we get started, keep in mind:

  * You are initializing within an existing Firebase project directory

